<?xml version="1.0" encoding="UTF-8"?>
<!-- Generated by org.testng.reporters.JUnitXMLReporter -->
<testsuite hostname="DESKTOP-1E9U74R" ignored="0" name="Test" tests="2" failures="2" timestamp="08 Jan 2020 09:58:36 GMT" time="0.525" errors="0">
  <testcase name="sendPostRequest" time="0.459" classname="request.PostRequest">
    <failure type="java.lang.NoClassDefFoundError" message="io/restassured/path/json/mapper/factory/JohnzonObjectMapperFactory">
      <![CDATA[java.lang.NoClassDefFoundError: io/restassured/path/json/mapper/factory/JohnzonObjectMapperFactory
at io.restassured.config.RestAssuredConfig.<init>(RestAssuredConfig.java:41)
at io.restassured.RestAssured.<clinit>(RestAssured.java:420)
at request.PostRequest.sendPostRequest(PostRequest.java:20)
Caused by: java.lang.ClassNotFoundException: io.restassured.path.json.mapper.factory.JohnzonObjectMapperFactory
at java.net.URLClassLoader.findClass(URLClassLoader.java:381)
at java.lang.ClassLoader.loadClass(ClassLoader.java:424)
at sun.misc.Launcher$AppClassLoader.loadClass(Launcher.java:331)
at java.lang.ClassLoader.loadClass(ClassLoader.java:357)
... 28 more
... Removed 25 stack frames]]>
    </failure>
  </testcase> <!-- sendPostRequest -->
  <testcase name="sendGetRequest" time="0.002" classname="request.GetRequest">
    <failure type="java.lang.NoClassDefFoundError" message="Could not initialize class io.restassured.RestAssured">
      <![CDATA[java.lang.NoClassDefFoundError: Could not initialize class io.restassured.RestAssured
at request.GetRequest.sendGetRequest(GetRequest.java:16)
... Removed 25 stack frames]]>
    </failure>
  </testcase> <!-- sendGetRequest -->
</testsuite> <!-- Test -->
